  Building Custom Rule C:/src/latino-llvm/lib/Basic/CMakeLists.txt
  CMake does not need to re-run because C:\src\latino-llvm\msvc\lib\Basic\CMakeFiles\generate.stamp is up-to-date.
  Microsoft (R) C/C++ Optimizing Compiler Version 19.00.24215.1 for x86
  Copyright (C) Microsoft Corporation.  All rights reserved.
  
  cl /c /I"C:\src\latino-llvm\msvc\lib\Basic" /I"C:\src\latino-llvm\lib\Basic" /I"C:\src\latino-llvm\include" /I"C:\src\latino-llvm\msvc\include" /IC:\bin\LLVM7\include /Zi /W3 /WX- /Od /Ob0 /Oy- /D WIN32 /D _WINDOWS /D _DEBUG /D _LARGEFILE_SOURCE /D _FILE_OFFSET_BITS=64 /D _CRT_SECURE_NO_DEPRECATE /D _CRT_SECURE_NO_WARNINGS /D _CRT_NONSTDC_NO_DEPRECATE /D _CRT_NONSTDC_NO_WARNINGS /D _SCL_SECURE_NO_DEPRECATE /D _SCL_SECURE_NO_WARNINGS /D UNICODE /D _UNICODE /D __STDC_CONSTANT_MACROS /D __STDC_FORMAT_MACROS /D __STDC_LIMIT_MACROS /D _HAS_EXCEPTIONS=0 /D GTEST_HAS_RTTI=0 /D "CMAKE_INTDIR=\"Debug\"" /D _UNICODE /D UNICODE /Gm- /EHsc /RTC1 /MDd /GS /fp:precise /Zc:wchar_t /Zc:forScope /Zc:inline /GR- /Fo"latinoBasic.dir\Debug\\" /Fd"latinoBasic.dir\Debug\latinoBasic.pdb" /Gd /TP /analyze- /errorReport:prompt  /EHs-c- "C:\src\latino-llvm\lib\Basic\Diagnostic.cpp" "C:\src\latino-llvm\lib\Basic\DiagnosticIDs.cpp" "C:\src\latino-llvm\lib\Basic\DiagnosticOptions.cpp" "C:\src\latino-llvm\lib\Basic\SourceLocation.cpp" "C:\src\latino-llvm\lib\Basic\SourceManager.cpp"
cl : Command line warning D9025: overriding '/EHs' with '/EHs-'
cl : Command line warning D9025: overriding '/EHc' with '/EHc-'
  
  Diagnostic.cpp
C:\bin\LLVM7\include\llvm/Support/MathExtras.h(372): warning C4146: unary minus operator applied to unsigned type, result still unsigned
C:\bin\LLVM7\include\llvm/ADT/StringRef.h(886): warning C4141: 'inline': used more than once
C:\bin\LLVM7\include\llvm/ADT/StringRef.h(891): warning C4141: 'inline': used more than once
C:\bin\LLVM7\include\llvm/ADT/Hashing.h(572): warning C4244: 'argument': conversion from 'uint64_t' to 'std::size_t', possible loss of data
C:\bin\LLVM7\include\llvm/ADT/Hashing.h(584): warning C4244: 'argument': conversion from 'uint64_t' to 'std::size_t', possible loss of data
C:\bin\LLVM7\include\llvm/ADT/Hashing.h(623): warning C4244: 'argument': conversion from 'uint64_t' to 'std::size_t', possible loss of data
C:\bin\LLVM7\include\llvm/Support/Chrono.h(37): warning C4141: 'inline': used more than once
C:\bin\LLVM7\include\llvm/Support/Chrono.h(44): warning C4141: 'inline': used more than once
C:\bin\LLVM7\include\llvm/ADT/StringExtras.h(63): warning C4146: unary minus operator applied to unsigned type, result still unsigned
C:\bin\LLVM7\include\llvm/ADT/StringExtras.h(70): warning C4146: unary minus operator applied to unsigned type, result still unsigned
C:\bin\LLVM7\include\llvm/ADT/StringExtras.h(133): warning C4146: unary minus operator applied to unsigned type, result still unsigned
C:\src\latino-llvm\include\latino/Basic/DiagnosticIDs.h(21): fatal error C1083: Cannot open include file: 'latino/Basic/DiagnosticCommonKinds.inc': No such file or directory
  DiagnosticIDs.cpp
C:\bin\LLVM7\include\llvm/Support/MathExtras.h(372): warning C4146: unary minus operator applied to unsigned type, result still unsigned
C:\bin\LLVM7\include\llvm/ADT/StringRef.h(886): warning C4141: 'inline': used more than once
C:\bin\LLVM7\include\llvm/ADT/StringRef.h(891): warning C4141: 'inline': used more than once
C:\bin\LLVM7\include\llvm/ADT/Hashing.h(572): warning C4244: 'argument': conversion from 'uint64_t' to 'std::size_t', possible loss of data
C:\bin\LLVM7\include\llvm/ADT/Hashing.h(584): warning C4244: 'argument': conversion from 'uint64_t' to 'std::size_t', possible loss of data
C:\bin\LLVM7\include\llvm/ADT/Hashing.h(623): warning C4244: 'argument': conversion from 'uint64_t' to 'std::size_t', possible loss of data
C:\bin\LLVM7\include\llvm/Support/Chrono.h(37): warning C4141: 'inline': used more than once
C:\bin\LLVM7\include\llvm/Support/Chrono.h(44): warning C4141: 'inline': used more than once
C:\bin\LLVM7\include\llvm/ADT/StringExtras.h(63): warning C4146: unary minus operator applied to unsigned type, result still unsigned
C:\bin\LLVM7\include\llvm/ADT/StringExtras.h(70): warning C4146: unary minus operator applied to unsigned type, result still unsigned
C:\bin\LLVM7\include\llvm/ADT/StringExtras.h(133): warning C4146: unary minus operator applied to unsigned type, result still unsigned
C:\src\latino-llvm\include\latino/Basic/DiagnosticIDs.h(21): fatal error C1083: Cannot open include file: 'latino/Basic/DiagnosticCommonKinds.inc': No such file or directory
  DiagnosticOptions.cpp
  SourceLocation.cpp
  SourceManager.cpp
C:\bin\LLVM7\include\llvm/Support/MathExtras.h(372): warning C4146: unary minus operator applied to unsigned type, result still unsigned
C:\bin\LLVM7\include\llvm/ADT/StringRef.h(886): warning C4141: 'inline': used more than once
C:\bin\LLVM7\include\llvm/ADT/StringRef.h(891): warning C4141: 'inline': used more than once
C:\bin\LLVM7\include\llvm/ADT/Hashing.h(572): warning C4244: 'argument': conversion from 'uint64_t' to 'std::size_t', possible loss of data
C:\bin\LLVM7\include\llvm/ADT/Hashing.h(584): warning C4244: 'argument': conversion from 'uint64_t' to 'std::size_t', possible loss of data
C:\bin\LLVM7\include\llvm/ADT/Hashing.h(623): warning C4244: 'argument': conversion from 'uint64_t' to 'std::size_t', possible loss of data
C:\bin\LLVM7\include\llvm/ADT/BitVector.h(427): warning C4244: '=': conversion from 'uint64_t' to 'unsigned int', possible loss of data
C:\bin\LLVM7\include\llvm/ADT/BitVector.h(466): warning C4244: '=': conversion from 'uint64_t' to 'unsigned int', possible loss of data
C:\bin\LLVM7\include\llvm/Support/Chrono.h(37): warning C4141: 'inline': used more than once
C:\bin\LLVM7\include\llvm/Support/Chrono.h(44): warning C4141: 'inline': used more than once
C:\bin\LLVM7\include\llvm/ADT/StringExtras.h(63): warning C4146: unary minus operator applied to unsigned type, result still unsigned
C:\bin\LLVM7\include\llvm/ADT/StringExtras.h(70): warning C4146: unary minus operator applied to unsigned type, result still unsigned
C:\bin\LLVM7\include\llvm/ADT/StringExtras.h(133): warning C4146: unary minus operator applied to unsigned type, result still unsigned
C:\bin\LLVM7\include\llvm/ADT/StringRef.h(516): warning C4244: '=': conversion from 'unsigned __int64' to 'std::size_t', possible loss of data
  C:\bin\LLVM7\include\llvm/Support/FormatProviders.h(68): note: see reference to function template instantiation 'bool llvm::StringRef::getAsInteger<std::size_t>(unsigned int,T &) const' being compiled
          with
          [
              T=std::size_t
          ]
C:\bin\LLVM7\include\llvm/ADT/StringRef.h(547): warning C4244: '=': conversion from 'unsigned __int64' to 'std::size_t', possible loss of data
  C:\bin\LLVM7\include\llvm/Support/FormatProviders.h(95): note: see reference to function template instantiation 'bool llvm::StringRef::consumeInteger<std::size_t>(unsigned int,T &)' being compiled
          with
          [
              T=std::size_t
          ]
  Generating Code...
