c:\src\latino-llvm\msvc\lib\basic\latinobasic.dir\release\virtualfilesystem.obj
c:\src\latino-llvm\msvc\lib\basic\latinobasic.dir\release\tokenkinds.obj
c:\src\latino-llvm\msvc\lib\basic\latinobasic.dir\release\memorybuffercache.obj
c:\src\latino-llvm\msvc\lib\basic\latinobasic.dir\release\langoptions.obj
c:\src\latino-llvm\msvc\lib\basic\latinobasic.dir\release\sourcemanager.obj
c:\src\latino-llvm\msvc\lib\basic\latinobasic.dir\release\sourcelocation.obj
c:\src\latino-llvm\msvc\lib\basic\latinobasic.dir\release\identifiertable.obj
c:\src\latino-llvm\msvc\lib\basic\latinobasic.dir\release\filesystemstatcache.obj
c:\src\latino-llvm\msvc\lib\basic\latinobasic.dir\release\filemanager.obj
c:\src\latino-llvm\msvc\lib\basic\latinobasic.dir\release\diagnosticoptions.obj
c:\src\latino-llvm\msvc\lib\basic\latinobasic.dir\release\diagnosticids.obj
c:\src\latino-llvm\msvc\lib\basic\latinobasic.dir\release\diagnostic.obj
c:\src\latino-llvm\msvc\lib\basic\latinobasic.dir\release\charinfo.obj
c:\src\latino-llvm\msvc\lib\basic\cmakefiles\generate.stamp
c:\src\latino-llvm\msvc\release\lib\latinobasic.lib
c:\src\latino-llvm\msvc\lib\basic\latinobasic.dir\release\latinobasic.tlog\cl.command.1.tlog
c:\src\latino-llvm\msvc\lib\basic\latinobasic.dir\release\latinobasic.tlog\cl.read.1.tlog
c:\src\latino-llvm\msvc\lib\basic\latinobasic.dir\release\latinobasic.tlog\cl.write.1.tlog
c:\src\latino-llvm\msvc\lib\basic\latinobasic.dir\release\latinobasic.tlog\custombuild.command.1.tlog
c:\src\latino-llvm\msvc\lib\basic\latinobasic.dir\release\latinobasic.tlog\custombuild.read.1.tlog
c:\src\latino-llvm\msvc\lib\basic\latinobasic.dir\release\latinobasic.tlog\custombuild.write.1.tlog
c:\src\latino-llvm\msvc\lib\basic\latinobasic.dir\release\latinobasic.tlog\lib-link.read.1.tlog
c:\src\latino-llvm\msvc\lib\basic\latinobasic.dir\release\latinobasic.tlog\lib-link.write.1.tlog
c:\src\latino-llvm\msvc\lib\basic\latinobasic.dir\release\latinobasic.tlog\lib.command.1.tlog
